#
# A fatal error has been detected by the Java Runtime Environment:
#
#  SIGSEGV (0xb) at pc=0x000000011c14bcdd, pid=1151, tid=0x000000000000c607
#
# JRE version: Java(TM) SE Runtime Environment (8.0_92-b14) (build 1.8.0_92-b14)
# Java VM: Java HotSpot(TM) 64-Bit Server VM (25.92-b14 mixed mode bsd-amd64 compressed oops)
# Problematic frame:
# C  [libawt_lwawt.dylib+0x1acdd]  OGLSD_SetScratchSurface+0x49
#
# Failed to write core dump. Core dumps have been disabled. To enable core dumping, try "ulimit -c unlimited" before starting Java again
#
# If you would like to submit a bug report, please visit:
#   http://bugreport.java.com/bugreport/crash.jsp
# The crash happened outside the Java Virtual Machine in native code.
# See problematic frame for where to report the bug.
#

---------------  T H R E A D  ---------------

Current thread (0x00007ff94c89f800):  JavaThread "Java2D Queue Flusher" daemon [_thread_in_native, id=50695, stack(0x000070000155f000,0x000070000165f000)]

siginfo: si_signo: 11 (SIGSEGV), si_code: 1 (SEGV_MAPERR), si_addr: 0x0000000000000002

Registers:
RAX=0x000000011c16c2fa, RBX=0x0000000000000002, RCX=0x0000000000000047, RDX=0x000000011c16c844
RSP=0x000070000165e730, RBP=0x000070000165e750, RSI=0x00007ff94b641710, RDI=0x00007ff94c89f9f8
R8 =0x0000000000000654, R9 =0x00007ff94b716440, R10=0x000000010760af78, R11=0x0000000107590ac0
R12=0x0000000000000000, R13=0x000070000165e8e8, R14=0x00007ff94c89f9f8, R15=0x00007ff94c89f800
RIP=0x000000011c14bcdd, EFLAGS=0x0000000000010202, ERR=0x0000000000000004
  TRAPNO=0x000000000000000e

Top of Stack: (sp=0x000070000165e730)
0x000070000165e730:   00007ff94b641710 0000000000000000
0x000070000165e740:   00007ff94c299410 00007ff94c89f800
0x000070000165e750:   000070000165e7d0 000000011c16c322
0x000070000165e760:   00007ff94b716400 0000000200000001
0x000070000165e770:   0000000000000000 000070000165e800
0x000070000165e780:   0000000000000000 0000000000000000
0x000070000165e790:   000070000165e7d0 00007ff94c299420
0x000070000165e7a0:   000070000065e7e0 00007ff94c89f9f8
0x000070000165e7b0:   00000001795b3ee0 0000000000000000
0x000070000165e7c0:   000070000165e968 00007ff94c89f800
0x000070000165e7d0:   000070000165e820 000000010760afea
0x000070000165e7e0:   0000000780039798 0000000106931b40
0x000070000165e7f0:   0000000000000064 0000000000000000
0x000070000165e800:   0000000000000064 00007ff94b7109e8
0x000070000165e810:   000070000165e870 000000010674e7b0
0x000070000165e820:   000070000165e940 00000001074b4b3c
0x000070000165e830:   0000000000000001 00007ff94b725500
0x000070000165e840:   0000000780039800 00007ff94c89f800
0x000070000165e850:   00007ff94c89f800 0000000118b58a00
0x000070000165e860:   000070000165e968 00007ff94c89f800
0x000070000165e870:   000070000165e8c0 0000000107600728
0x000070000165e880:   0000000780039798 00000001076540e6
0x000070000165e890:   000070000165e940 0000000107590b1c
0x000070000165e8a0:   0000000780039870 000000010781e100
0x000070000165e8b0:   00000001192d2210 0000000000000000
0x000070000165e8c0:   000070000165e940 000000010739f2bd
0x000070000165e8d0:   000070000165e940 000000010739f2bd
0x000070000165e8e0:   000000010739f2bd 0000000780039798
0x000070000165e8f0:   0000000000000001 0000000780039870
0x000070000165e900:   000070000165e8f0 0000000118fe8ae9
0x000070000165e910:   000070000165e968 0000000118fe9370
0x000070000165e920:   0000000000000000 0000000118fe8bf0 

Instructions: (pc=0x000000011c14bcdd)
0x000000011c14bcbd:   c0 e9 82 00 00 00 48 8b 5e 10 48 85 db 75 0e bf
0x000000011c14bccd:   01 00 00 00 48 8d 15 ef 76 03 00 eb d6 49 89 fe
0x000000011c14bcdd:   4c 8b 3b 30 c0 e8 83 a3 02 00 49 8b 3f 49 89 c4
0x000000011c14bced:   48 8b 35 34 f9 05 00 30 c0 e8 a7 a4 02 00 48 85 

Register to memory mapping:

RAX=0x000000011c16c2fa: Java_sun_java2d_opengl_OGLRenderQueue_flushBuffer+0x612 in /Library/Java/JavaVirtualMachines/jdk1.8.0_92.jdk/Contents/Home/jre/lib/libawt_lwawt.dylib at 0x000000011c131000
RBX=0x0000000000000002 is an unknown value
RCX=0x0000000000000047 is an unknown value
RDX=0x000000011c16c844: Java_sun_java2d_opengl_OGLRenderQueue_flushBuffer+0xb5c in /Library/Java/JavaVirtualMachines/jdk1.8.0_92.jdk/Contents/Home/jre/lib/libawt_lwawt.dylib at 0x000000011c131000
RSP=0x000070000165e730 is pointing into the stack for thread: 0x00007ff94c89f800
RBP=0x000070000165e750 is pointing into the stack for thread: 0x00007ff94c89f800
RSI=0x00007ff94b641710 is an unknown value
RDI=0x00007ff94c89f9f8 is an unknown value
R8 =0x0000000000000654 is an unknown value
R9 =0x00007ff94b716440 is an unknown value
R10=0x000000010760af78 is at entry_point+56 in (nmethod*)0x000000010760add0
R11=0x0000000107590ac0 is at entry_point+0 in (nmethod*)0x0000000107590950
R12=0x0000000000000000 is an unknown value
R13=0x000070000165e8e8 is pointing into the stack for thread: 0x00007ff94c89f800
R14=0x00007ff94c89f9f8 is an unknown value
R15=0x00007ff94c89f800 is a thread


Stack: [0x000070000155f000,0x000070000165f000],  sp=0x000070000165e730,  free space=1021k
Native frames: (J=compiled Java code, j=interpreted, Vv=VM code, C=native code)
C  [libawt_lwawt.dylib+0x1acdd]  OGLSD_SetScratchSurface+0x49
C  [libawt_lwawt.dylib+0x3b322]  Java_sun_java2d_opengl_OGLRenderQueue_flushBuffer+0x63a
J 1191  sun.java2d.opengl.OGLRenderQueue.flushBuffer(JI)V (0 bytes) @ 0x000000010760afea [0x000000010760af40+0xaa]
J 1189 C1 sun.java2d.opengl.OGLRenderQueue.flushBuffer()V (41 bytes) @ 0x00000001074b4b3c [0x00000001074b48e0+0x25c]
J 1188 C1 sun.java2d.opengl.OGLRenderQueue.access$100(Lsun/java2d/opengl/OGLRenderQueue;)V (5 bytes) @ 0x0000000107590b1c [0x0000000107590ac0+0x5c]
j  sun.java2d.opengl.OGLRenderQueue$QueueFlusher.run()V+81
v  ~StubRoutines::call_stub
V  [libjvm.dylib+0x2ecc9a]  JavaCalls::call_helper(JavaValue*, methodHandle*, JavaCallArguments*, Thread*)+0x6ae
V  [libjvm.dylib+0x2ed428]  JavaCalls::call_virtual(JavaValue*, KlassHandle, Symbol*, Symbol*, JavaCallArguments*, Thread*)+0x164
V  [libjvm.dylib+0x2ed5d4]  JavaCalls::call_virtual(JavaValue*, Handle, KlassHandle, Symbol*, Symbol*, Thread*)+0x4a
V  [libjvm.dylib+0x347dbd]  thread_entry(JavaThread*, Thread*)+0x7c
V  [libjvm.dylib+0x564c57]  JavaThread::thread_main_inner()+0x9b
V  [libjvm.dylib+0x566344]  JavaThread::run()+0x1c2
V  [libjvm.dylib+0x485bbe]  java_start(Thread*)+0xf6
C  [libsystem_pthread.dylib+0x399d]  _pthread_body+0x83
C  [libsystem_pthread.dylib+0x391a]  _pthread_body+0x0
C  [libsystem_pthread.dylib+0x1351]  thread_start+0xd
C  0x0000000000000000

Java frames: (J=compiled Java code, j=interpreted, Vv=VM code)
J 1191  sun.java2d.opengl.OGLRenderQueue.flushBuffer(JI)V (0 bytes) @ 0x000000010760af78 [0x000000010760af40+0x38]
J 1189 C1 sun.java2d.opengl.OGLRenderQueue.flushBuffer()V (41 bytes) @ 0x00000001074b4b3c [0x00000001074b48e0+0x25c]
J 1188 C1 sun.java2d.opengl.OGLRenderQueue.access$100(Lsun/java2d/opengl/OGLRenderQueue;)V (5 bytes) @ 0x0000000107590b1c [0x0000000107590ac0+0x5c]
j  sun.java2d.opengl.OGLRenderQueue$QueueFlusher.run()V+81
v  ~StubRoutines::call_stub

---------------  P R O C E S S  ---------------

Java Threads: ( => current thread )
  0x00007ff94d001800 JavaThread "thread from fork" [_thread_blocked, id=64259, stack(0x0000700001dfa000,0x0000700001efa000)]
  0x00007ff94c598800 JavaThread "DestroyJavaVM" [_thread_blocked, id=5891, stack(0x000070000011a000,0x000070000021a000)]
  0x00007ff94c594000 JavaThread "notifier" [_thread_blocked, id=62723, stack(0x0000700001af1000,0x0000700001bf1000)]
  0x00007ff94b8c1000 JavaThread "Serial port 0 listener" [_thread_in_native, id=62219, stack(0x00007000019ee000,0x0000700001aee000)]
  0x00007ff94d328800 JavaThread "AWT-EventQueue-0" [_thread_blocked, id=58371, stack(0x00007000018eb000,0x00007000019eb000)]
  0x00007ff94d177000 JavaThread "TimerQueue" daemon [_thread_blocked, id=55567, stack(0x0000700001765000,0x0000700001865000)]
  0x00007ff94c2e0800 JavaThread "Java2D Disposer" daemon [_thread_blocked, id=53763, stack(0x0000700001662000,0x0000700001762000)]
=>0x00007ff94c89f800 JavaThread "Java2D Queue Flusher" daemon [_thread_in_native, id=50695, stack(0x000070000155f000,0x000070000165f000)]
  0x00007ff94c891800 JavaThread "AWT-Shutdown" [_thread_blocked, id=30227, stack(0x00007000012d3000,0x00007000013d3000)]
  0x00007ff94c252800 JavaThread "AppKit Thread" daemon [_thread_in_native, id=2571, stack(0x00007fff59c49000,0x00007fff5a449000)]
  0x00007ff94b804000 JavaThread "CPU1 interrupt context" [_thread_blocked, id=19971, stack(0x00007000010ca000,0x00007000011ca000)]
  0x00007ff94d014000 JavaThread "CPU0 interrupt context" [_thread_in_native_trans, id=19459, stack(0x0000700000fc7000,0x00007000010c7000)]
  0x00007ff94c062000 JavaThread "Service Thread" daemon [_thread_blocked, id=18435, stack(0x0000700000dc1000,0x0000700000ec1000)]
  0x00007ff94d011000 JavaThread "C1 CompilerThread2" daemon [_thread_blocked, id=17923, stack(0x0000700000cbe000,0x0000700000dbe000)]
  0x00007ff94d00c000 JavaThread "C2 CompilerThread1" daemon [_thread_blocked, id=17411, stack(0x0000700000bbb000,0x0000700000cbb000)]
  0x00007ff94c053000 JavaThread "C2 CompilerThread0" daemon [_thread_blocked, id=16899, stack(0x0000700000ab8000,0x0000700000bb8000)]
  0x00007ff94c061000 JavaThread "Signal Dispatcher" daemon [_thread_blocked, id=12815, stack(0x00007000009b5000,0x0000700000ab5000)]
  0x00007ff94d02d800 JavaThread "Finalizer" daemon [_thread_blocked, id=12291, stack(0x000070000082f000,0x000070000092f000)]
  0x00007ff94b80d000 JavaThread "Reference Handler" daemon [_thread_blocked, id=11779, stack(0x000070000072c000,0x000070000082c000)]

Other Threads:
  0x00007ff94d025000 VMThread [stack: 0x0000700000629000,0x0000700000729000] [id=11267]
  0x00007ff94d010800 WatcherThread [stack: 0x0000700000ec4000,0x0000700000fc4000] [id=18947]

VM state:not at safepoint (normal execution)

VM Mutex/Monitor currently owned by a thread: None

Heap:
 PSYoungGen      total 48640K, used 7673K [0x00000007aab00000, 0x00000007b6280000, 0x00000007c0000000)
  eden space 48128K, 15% used [0x00000007aab00000,0x00000007ab27e640,0x00000007ada00000)
  from space 512K, 0% used [0x00000007b6180000,0x00000007b6180000,0x00000007b6200000)
  to   space 512K, 0% used [0x00000007b6200000,0x00000007b6200000,0x00000007b6280000)
 ParOldGen       total 19456K, used 2106K [0x0000000780000000, 0x0000000781300000, 0x00000007aab00000)
  object space 19456K, 10% used [0x0000000780000000,0x000000078020e9a8,0x0000000781300000)
 Metaspace       used 10404K, capacity 10588K, committed 10880K, reserved 1058816K
  class space    used 1226K, capacity 1287K, committed 1408K, reserved 1048576K

Card table byte_map: [0x0000000116757000,0x0000000116958000] byte_map_base: 0x0000000112b57000

Marking Bits: (ParMarkBitMap*) 0x0000000106ce8bd0
 Begin Bits: [0x0000000116958000, 0x0000000117958000)
 End Bits:   [0x0000000117958000, 0x0000000118958000)

Polling page: 0x0000000105a7a000

CodeCache: size=245760Kb used=4644Kb max_used=4660Kb free=241115Kb
 bounds [0x0000000107397000, 0x0000000107837000, 0x0000000116397000]
 total_blobs=1659 nmethods=1176 adapters=397
 compilation: enabled

Compilation events (10 events):
Event: 221.765 Thread 0x00007ff94c053000 1320       4       java.lang.Math::round (70 bytes)
Event: 221.765 Thread 0x00007ff94c053000 nmethod 1320 0x0000000107665e90 code [0x0000000107665fe0, 0x00000001076660d8]
Event: 225.348 Thread 0x00007ff94d00c000 1321       4       sun.java2d.pipe.Region::clipScale (41 bytes)
Event: 225.349 Thread 0x00007ff94d00c000 nmethod 1321 0x0000000107689290 code [0x0000000107689420, 0x00000001076895b8]
Event: 229.314 Thread 0x00007ff94c053000 1322       4       java.awt.EventQueue::postEvent (172 bytes)
Event: 229.346 Thread 0x00007ff94c053000 nmethod 1322 0x000000010767a710 code [0x000000010767aa20, 0x000000010767c380]
Event: 232.941 Thread 0x00007ff94d00c000 1323       4       java.lang.Thread::isInterrupted (6 bytes)
Event: 232.941 Thread 0x00007ff94d00c000 nmethod 1323 0x00000001076283d0 code [0x0000000107628520, 0x00000001076285c8]
Event: 234.830 Thread 0x00007ff94c053000 1324   !   4       java.awt.EventQueue::setCurrentEventAndMostRecentTimeImpl (185 bytes)
Event: 234.842 Thread 0x00007ff94c053000 nmethod 1324 0x0000000107828590 code [0x0000000107828780, 0x00000001078290f0]

GC Heap History (10 events):
Event: 235.068 GC heap before
{Heap before GC invocations=3454 (full 0):
 PSYoungGen      total 44032K, used 43616K [0x00000007aab00000, 0x00000007b6280000, 0x00000007c0000000)
  eden space 43520K, 100% used [0x00000007aab00000,0x00000007ad580000,0x00000007ad580000)
  from space 512K, 18% used [0x00000007b6180000,0x00000007b6198000,0x00000007b6200000)
  to   space 512K, 0% used [0x00000007b6200000,0x00000007b6200000,0x00000007b6280000)
 ParOldGen       total 44032K, used 43963K [0x0000000780000000, 0x0000000782b00000, 0x00000007aab00000)
  object space 44032K, 99% used [0x0000000780000000,0x0000000782aeeea0,0x0000000782b00000)
 Metaspace       used 10403K, capacity 10588K, committed 10880K, reserved 1058816K
  class space    used 1226K, capacity 1287K, committed 1408K, reserved 1048576K
Event: 235.069 GC heap after
Heap after GC invocations=3454 (full 0):
 PSYoungGen      total 42496K, used 96K [0x00000007aab00000, 0x00000007b6280000, 0x00000007c0000000)
  eden space 41984K, 0% used [0x00000007aab00000,0x00000007aab00000,0x00000007ad400000)
  from space 512K, 18% used [0x00000007b6200000,0x00000007b6218000,0x00000007b6280000)
  to   space 512K, 0% used [0x00000007b6180000,0x00000007b6180000,0x00000007b6200000)
 ParOldGen       total 44032K, used 43979K [0x0000000780000000, 0x0000000782b00000, 0x00000007aab00000)
  object space 44032K, 99% used [0x0000000780000000,0x0000000782af2ea0,0x0000000782b00000)
 Metaspace       used 10403K, capacity 10588K, committed 10880K, reserved 1058816K
  class space    used 1226K, capacity 1287K, committed 1408K, reserved 1048576K
}
Event: 235.133 GC heap before
{Heap before GC invocations=3455 (full 0):
 PSYoungGen      total 42496K, used 42080K [0x00000007aab00000, 0x00000007b6280000, 0x00000007c0000000)
  eden space 41984K, 100% used [0x00000007aab00000,0x00000007ad400000,0x00000007ad400000)
  from space 512K, 18% used [0x00000007b6200000,0x00000007b6218000,0x00000007b6280000)
  to   space 512K, 0% used [0x00000007b6180000,0x00000007b6180000,0x00000007b6200000)
 ParOldGen       total 44032K, used 43979K [0x0000000780000000, 0x0000000782b00000, 0x00000007aab00000)
  object space 44032K, 99% used [0x0000000780000000,0x0000000782af2ea0,0x0000000782b00000)
 Metaspace       used 10403K, capacity 10588K, committed 10880K, reserved 1058816K
  class space    used 1226K, capacity 1287K, committed 1408K, reserved 1048576K
Event: 235.134 GC heap after
Heap after GC invocations=3455 (full 0):
 PSYoungGen      total 41472K, used 64K [0x00000007aab00000, 0x00000007b6280000, 0x00000007c0000000)
  eden space 40960K, 0% used [0x00000007aab00000,0x00000007aab00000,0x00000007ad300000)
  from space 512K, 12% used [0x00000007b6180000,0x00000007b6190000,0x00000007b6200000)
  to   space 512K, 0% used [0x00000007b6200000,0x00000007b6200000,0x00000007b6280000)
 ParOldGen       total 44032K, used 43979K [0x0000000780000000, 0x0000000782b00000, 0x00000007aab00000)
  object space 44032K, 99% used [0x0000000780000000,0x0000000782af2ea0,0x0000000782b00000)
 Metaspace       used 10403K, capacity 10588K, committed 10880K, reserved 1058816K
  class space    used 1226K, capacity 1287K, committed 1408K, reserved 1048576K
}
Event: 235.195 GC heap before
{Heap before GC invocations=3456 (full 0):
 PSYoungGen      total 41472K, used 41024K [0x00000007aab00000, 0x00000007b6280000, 0x00000007c0000000)
  eden space 40960K, 100% used [0x00000007aab00000,0x00000007ad300000,0x00000007ad300000)
  from space 512K, 12% used [0x00000007b6180000,0x00000007b6190000,0x00000007b6200000)
  to   space 512K, 0% used [0x00000007b6200000,0x00000007b6200000,0x00000007b6280000)
 ParOldGen       total 44032K, used 43979K [0x0000000780000000, 0x0000000782b00000, 0x00000007aab00000)
  object space 44032K, 99% used [0x0000000780000000,0x0000000782af2ea0,0x0000000782b00000)
 Metaspace       used 10403K, capacity 10588K, committed 10880K, reserved 1058816K
  class space    used 1226K, capacity 1287K, committed 1408K, reserved 1048576K
Event: 235.196 GC heap after
Heap after GC invocations=3456 (full 0):
 PSYoungGen      total 40448K, used 96K [0x00000007aab00000, 0x00000007b6280000, 0x00000007c0000000)
  eden space 39936K, 0% used [0x00000007aab00000,0x00000007aab00000,0x00000007ad200000)
  from space 512K, 18% used [0x00000007b6200000,0x00000007b6218000,0x00000007b6280000)
  to   space 512K, 0% used [0x00000007b6180000,0x00000007b6180000,0x00000007b6200000)
 ParOldGen       total 44032K, used 43979K [0x0000000780000000, 0x0000000782b00000, 0x00000007aab00000)
  object space 44032K, 99% used [0x0000000780000000,0x0000000782af2ea0,0x0000000782b00000)
 Metaspace       used 10403K, capacity 10588K, committed 10880K, reserved 1058816K
  class space    used 1226K, capacity 1287K, committed 1408K, reserved 1048576K
}
Event: 235.255 GC heap before
{Heap before GC invocations=3457 (full 0):
 PSYoungGen      total 40448K, used 40032K [0x00000007aab00000, 0x00000007b6280000, 0x00000007c0000000)
  eden space 39936K, 100% used [0x00000007aab00000,0x00000007ad200000,0x00000007ad200000)
  from space 512K, 18% used [0x00000007b6200000,0x00000007b6218000,0x00000007b6280000)
  to   space 512K, 0% used [0x00000007b6180000,0x00000007b6180000,0x00000007b6200000)
 ParOldGen       total 44032K, used 43979K [0x0000000780000000, 0x0000000782b00000, 0x00000007aab00000)
  object space 44032K, 99% used [0x0000000780000000,0x0000000782af2ea0,0x0000000782b00000)
 Metaspace       used 10403K, capacity 10588K, committed 10880K, reserved 1058816K
  class space    used 1226K, capacity 1287K, committed 1408K, reserved 1048576K
Event: 235.256 GC heap after
Heap after GC invocations=3457 (full 0):
 PSYoungGen      total 48640K, used 64K [0x00000007aab00000, 0x00000007b6280000, 0x00000007c0000000)
  eden space 48128K, 0% used [0x00000007aab00000,0x00000007aab00000,0x00000007ada00000)
  from space 512K, 12% used [0x00000007b6180000,0x00000007b6190000,0x00000007b6200000)
  to   space 512K, 0% used [0x00000007b6200000,0x00000007b6200000,0x00000007b6280000)
 ParOldGen       total 44032K, used 44011K [0x0000000780000000, 0x0000000782b00000, 0x00000007aab00000)
  object space 44032K, 99% used [0x0000000780000000,0x0000000782afaea0,0x0000000782b00000)
 Metaspace       used 10403K, capacity 10588K, committed 10880K, reserved 1058816K
  class space    used 1226K, capacity 1287K, committed 1408K, reserved 1048576K
}
Event: 235.256 GC heap before
{Heap before GC invocations=3458 (full 1):
 PSYoungGen      total 48640K, used 64K [0x00000007aab00000, 0x00000007b6280000, 0x00000007c0000000)
  eden space 48128K, 0% used [0x00000007aab00000,0x00000007aab00000,0x00000007ada00000)
  from space 512K, 12% used [0x00000007b6180000,0x00000007b6190000,0x00000007b6200000)
  to   space 512K, 0% used [0x00000007b6200000,0x00000007b6200000,0x00000007b6280000)
 ParOldGen       total 44032K, used 44011K [0x0000000780000000, 0x0000000782b00000, 0x00000007aab00000)
  object space 44032K, 99% used [0x0000000780000000,0x0000000782afaea0,0x0000000782b00000)
 Metaspace       used 10403K, capacity 10588K, committed 10880K, reserved 1058816K
  class space    used 1226K, capacity 1287K, committed 1408K, reserved 1048576K
Event: 235.276 GC heap after
Heap after GC invocations=3458 (full 1):
 PSYoungGen      total 48640K, used 0K [0x00000007aab00000, 0x00000007b6280000, 0x00000007c0000000)
  eden space 48128K, 0% used [0x00000007aab00000,0x00000007aab00000,0x00000007ada00000)
  from space 512K, 0% used [0x00000007b6180000,0x00000007b6180000,0x00000007b6200000)
  to   space 512K, 0% used [0x00000007b6200000,0x00000007b6200000,0x00000007b6280000)
 ParOldGen       total 19456K, used 2106K [0x0000000780000000, 0x0000000781300000, 0x00000007aab00000)
  object space 19456K, 10% used [0x0000000780000000,0x000000078020e9a8,0x0000000781300000)
 Metaspace       used 10403K, capacity 10588K, committed 10880K, reserved 1058816K
  class space    used 1226K, capacity 1287K, committed 1408K, reserved 1048576K
}

Deoptimization events (10 events):
Event: 204.120 Thread 0x00007ff94d328800 Uncommon trap: reason=unstable_if action=reinterpret pc=0x0000000107673eb8 method=sun.java2d.pipe.GlyphListPipe.drawChars(Lsun/java2d/SunGraphics2D;[CIIII)V @ 39
Event: 204.165 Thread 0x00007ff94c252800 Uncommon trap: reason=unstable_if action=reinterpret pc=0x000000010761627c method=java.util.concurrent.locks.ReentrantLock$Sync.nonfairTryAcquire(I)Z @ 19
Event: 204.676 Thread 0x00007ff94c252800 Uncommon trap: reason=unstable_if action=reinterpret pc=0x000000010762a9f8 method=sun.java2d.pipe.BufferedContext.validate(Lsun/java2d/pipe/hw/AccelSurface;Lsun/java2d/pipe/hw/AccelSurface;Lsun/java2d/pipe/Region;Ljava/awt/Composite;Ljava/awt/geom/AffineT
Event: 205.115 Thread 0x00007ff94d328800 Uncommon trap: reason=unstable_if action=reinterpret pc=0x0000000107692124 method=sun.java2d.SunGraphics2D.getCompClip()Lsun/java2d/pipe/Region; @ 7
Event: 205.118 Thread 0x00007ff94d328800 Uncommon trap: reason=bimorphic action=maybe_recompile pc=0x0000000107627f10 method=sun.java2d.SunGraphics2D.validateColor()V @ 95
Event: 205.120 Thread 0x00007ff94d328800 Uncommon trap: reason=bimorphic action=maybe_recompile pc=0x0000000107627f10 method=sun.java2d.SunGraphics2D.validateColor()V @ 95
Event: 205.120 Thread 0x00007ff94d328800 Uncommon trap: reason=unstable_if action=reinterpret pc=0x0000000107667598 method=sun.font.GlyphList.getInstance()Lsun/font/GlyphList; @ 3
Event: 205.120 Thread 0x00007ff94d328800 Uncommon trap: reason=unstable_if action=reinterpret pc=0x0000000107679e50 method=sun.font.GlyphList.ensureCapacity(I)V @ 41
Event: 205.124 Thread 0x00007ff94d328800 Uncommon trap: reason=unstable_if action=reinterpret pc=0x0000000107668418 method=sun.font.GlyphList.dispose()V @ 4
Event: 205.124 Thread 0x00007ff94d328800 Uncommon trap: reason=unstable_if action=reinterpret pc=0x00000001076656b0 method=sun.font.GlyphList.ensureCapacity(I)V @ 41

Internal exceptions (10 events):
Event: 2.239 Thread 0x00007ff94d02d800 Exception <a 'java/lang/NullPointerException'> (0x00000007aabd8a10) thrown at [/Users/java_re/workspace/8-2-build-macosx-x86_64/jdk8u92/6642/hotspot/src/share/vm/interpreter/linkResolver.cpp, line 1178]
Event: 2.239 Thread 0x00007ff94d02d800 Exception <a 'java/lang/NullPointerException'> (0x00000007aabd8c18) thrown at [/Users/java_re/workspace/8-2-build-macosx-x86_64/jdk8u92/6642/hotspot/src/share/vm/interpreter/linkResolver.cpp, line 1178]
Event: 2.239 Thread 0x00007ff94d02d800 Exception <a 'java/lang/NullPointerException'> (0x00000007aabd8e20) thrown at [/Users/java_re/workspace/8-2-build-macosx-x86_64/jdk8u92/6642/hotspot/src/share/vm/interpreter/linkResolver.cpp, line 1178]
Event: 2.239 Thread 0x00007ff94d02d800 Exception <a 'java/lang/NullPointerException'> (0x00000007aabd9028) thrown at [/Users/java_re/workspace/8-2-build-macosx-x86_64/jdk8u92/6642/hotspot/src/share/vm/interpreter/linkResolver.cpp, line 1178]
Event: 2.239 Thread 0x00007ff94d02d800 Exception <a 'java/lang/NullPointerException'> (0x00000007aabd9230) thrown at [/Users/java_re/workspace/8-2-build-macosx-x86_64/jdk8u92/6642/hotspot/src/share/vm/interpreter/linkResolver.cpp, line 1178]
Event: 2.239 Thread 0x00007ff94d02d800 Exception <a 'java/lang/NullPointerException'> (0x00000007aabd9438) thrown at [/Users/java_re/workspace/8-2-build-macosx-x86_64/jdk8u92/6642/hotspot/src/share/vm/interpreter/linkResolver.cpp, line 1178]
Event: 2.239 Thread 0x00007ff94d02d800 Exception <a 'java/lang/NullPointerException'> (0x00000007aabd9640) thrown at [/Users/java_re/workspace/8-2-build-macosx-x86_64/jdk8u92/6642/hotspot/src/share/vm/interpreter/linkResolver.cpp, line 1178]
Event: 2.239 Thread 0x00007ff94d02d800 Exception <a 'java/lang/NullPointerException'> (0x00000007aabd9848) thrown at [/Users/java_re/workspace/8-2-build-macosx-x86_64/jdk8u92/6642/hotspot/src/share/vm/interpreter/linkResolver.cpp, line 1178]
Event: 203.957 Thread 0x00007ff94c252800 Implicit null exception at 0x00000001076edcb8 to 0x00000001076ee8bd
Event: 204.675 Thread 0x00007ff94c252800 Implicit null exception at 0x0000000107629f87 to 0x000000010762a9c5

Events (10 events):
Event: 235.001 Executing VM operation: ParallelGCFailedAllocation
Event: 235.002 Executing VM operation: ParallelGCFailedAllocation done
Event: 235.068 Executing VM operation: ParallelGCFailedAllocation
Event: 235.069 Executing VM operation: ParallelGCFailedAllocation done
Event: 235.133 Executing VM operation: ParallelGCFailedAllocation
Event: 235.134 Executing VM operation: ParallelGCFailedAllocation done
Event: 235.195 Executing VM operation: ParallelGCFailedAllocation
Event: 235.196 Executing VM operation: ParallelGCFailedAllocation done
Event: 235.255 Executing VM operation: ParallelGCFailedAllocation
Event: 235.276 Executing VM operation: ParallelGCFailedAllocation done


Dynamic libraries:
0x0000000002d7e000 	/System/Library/Frameworks/Cocoa.framework/Versions/A/Cocoa
0x0000000002d7e000 	/System/Library/Frameworks/Security.framework/Versions/A/Security
0x0000000002d7e000 	/System/Library/Frameworks/ApplicationServices.framework/Versions/A/ApplicationServices
0x0000000002d7e000 	/usr/lib/libz.1.dylib
0x0000000002d7e000 	/usr/lib/libSystem.B.dylib
0x0000000002d7e000 	/usr/lib/libobjc.A.dylib
0x0000000002d7e000 	/System/Library/Frameworks/CoreFoundation.framework/Versions/A/CoreFoundation
0x0000000002d7e000 	/System/Library/Frameworks/Foundation.framework/Versions/C/Foundation
0x0000000002d7e000 	/System/Library/Frameworks/AppKit.framework/Versions/C/AppKit
0x0000000002d7e000 	/System/Library/Frameworks/CoreData.framework/Versions/A/CoreData
0x0000000002d7e000 	/System/Library/PrivateFrameworks/RemoteViewServices.framework/Versions/A/RemoteViewServices
0x0000000002d7e000 	/System/Library/PrivateFrameworks/UIFoundation.framework/Versions/A/UIFoundation
0x0000000002d7e000 	/usr/lib/libScreenReader.dylib
0x0000000002d7e000 	/System/Library/Frameworks/Accelerate.framework/Versions/A/Accelerate
0x0000000002d7e000 	/System/Library/Frameworks/IOSurface.framework/Versions/A/IOSurface
0x0000000002d7e000 	/System/Library/Frameworks/AudioToolbox.framework/Versions/A/AudioToolbox
0x0000000002d7e000 	/System/Library/Frameworks/AudioUnit.framework/Versions/A/AudioUnit
0x0000000002d7e000 	/System/Library/PrivateFrameworks/DataDetectorsCore.framework/Versions/A/DataDetectorsCore
0x0000000002d7e000 	/System/Library/PrivateFrameworks/DesktopServicesPriv.framework/Versions/A/DesktopServicesPriv
0x0000000002d7e000 	/System/Library/Frameworks/Carbon.framework/Versions/A/Frameworks/HIToolbox.framework/Versions/A/HIToolbox
0x0000000002d7e000 	/System/Library/Frameworks/QuartzCore.framework/Versions/A/QuartzCore
0x0000000002d7e000 	/System/Library/Frameworks/Carbon.framework/Versions/A/Frameworks/SpeechRecognition.framework/Versions/A/SpeechRecognition
0x0000000002d7e000 	/usr/lib/libauto.dylib
0x0000000002d7e000 	/usr/lib/libicucore.A.dylib
0x0000000002d7e000 	/usr/lib/libxml2.2.dylib
0x0000000002d7e000 	/System/Library/PrivateFrameworks/CoreUI.framework/Versions/A/CoreUI
0x0000000002d7e000 	/System/Library/Frameworks/CoreAudio.framework/Versions/A/CoreAudio
0x0000000002d7e000 	/System/Library/Frameworks/DiskArbitration.framework/Versions/A/DiskArbitration
0x0000000002d7e000 	/usr/lib/liblangid.dylib
0x0000000002d7e000 	/System/Library/PrivateFrameworks/MultitouchSupport.framework/Versions/A/MultitouchSupport
0x0000000002d7e000 	/System/Library/Frameworks/IOKit.framework/Versions/A/IOKit
0x0000000002d7e000 	/usr/lib/libDiagnosticMessagesClient.dylib
0x0000000002d7e000 	/System/Library/Frameworks/CoreServices.framework/Versions/A/CoreServices
0x0000000002d7e000 	/System/Library/PrivateFrameworks/PerformanceAnalysis.framework/Versions/A/PerformanceAnalysis
0x0000000002d7e000 	/System/Library/PrivateFrameworks/GenerationalStorage.framework/Versions/A/GenerationalStorage
0x0000000002d7e000 	/System/Library/Frameworks/OpenGL.framework/Versions/A/OpenGL
0x0000000002d7e000 	/System/Library/PrivateFrameworks/Sharing.framework/Versions/A/Sharing
0x0000000002d7e000 	/System/Library/Frameworks/CoreGraphics.framework/Versions/A/CoreGraphics
0x0000000002d7e000 	/System/Library/Frameworks/CoreImage.framework/Versions/A/CoreImage
0x0000000002d7e000 	/System/Library/Frameworks/CoreText.framework/Versions/A/CoreText
0x0000000002d7e000 	/System/Library/Frameworks/ImageIO.framework/Versions/A/ImageIO
0x0000000002d7e000 	/System/Library/PrivateFrameworks/Backup.framework/Versions/A/Backup
0x0000000002d7e000 	/usr/lib/libextension.dylib
0x0000000002d7e000 	/usr/lib/libarchive.2.dylib
0x0000000002d7e000 	/System/Library/Frameworks/CFNetwork.framework/Versions/A/CFNetwork
0x0000000002d7e000 	/System/Library/Frameworks/SystemConfiguration.framework/Versions/A/SystemConfiguration
0x0000000002d7e000 	/usr/lib/libCRFSuite.dylib
0x0000000002d7e000 	/usr/lib/libc++.1.dylib
0x0000000002d7e000 	/usr/lib/libc++abi.dylib
0x0000000002d7e000 	/usr/lib/system/libcache.dylib
0x0000000002d7e000 	/usr/lib/system/libcommonCrypto.dylib
0x0000000002d7e000 	/usr/lib/system/libcompiler_rt.dylib
0x0000000002d7e000 	/usr/lib/system/libcopyfile.dylib
0x0000000002d7e000 	/usr/lib/system/libcorecrypto.dylib
0x0000000002d7e000 	/usr/lib/system/libdispatch.dylib
0x0000000002d7e000 	/usr/lib/system/libdyld.dylib
0x0000000002d7e000 	/usr/lib/system/libkeymgr.dylib
0x0000000002d7e000 	/usr/lib/system/liblaunch.dylib
0x0000000002d7e000 	/usr/lib/system/libmacho.dylib
0x0000000002d7e000 	/usr/lib/system/libquarantine.dylib
0x0000000002d7e000 	/usr/lib/system/libremovefile.dylib
0x0000000002d7e000 	/usr/lib/system/libsystem_asl.dylib
0x0000000002d7e000 	/usr/lib/system/libsystem_blocks.dylib
0x0000000002d7e000 	/usr/lib/system/libsystem_c.dylib
0x0000000002d7e000 	/usr/lib/system/libsystem_configuration.dylib
0x0000000002d7e000 	/usr/lib/system/libsystem_coreservices.dylib
0x0000000002d7e000 	/usr/lib/system/libsystem_coretls.dylib
0x0000000002d7e000 	/usr/lib/system/libsystem_dnssd.dylib
0x0000000002d7e000 	/usr/lib/system/libsystem_info.dylib
0x0000000002d7e000 	/usr/lib/system/libsystem_kernel.dylib
0x0000000002d7e000 	/usr/lib/system/libsystem_m.dylib
0x0000000002d7e000 	/usr/lib/system/libsystem_malloc.dylib
0x0000000002d7e000 	/usr/lib/system/libsystem_network.dylib
0x0000000002d7e000 	/usr/lib/system/libsystem_networkextension.dylib
0x0000000002d7e000 	/usr/lib/system/libsystem_notify.dylib
0x0000000002d7e000 	/usr/lib/system/libsystem_platform.dylib
0x0000000002d7e000 	/usr/lib/system/libsystem_pthread.dylib
0x0000000002d7e000 	/usr/lib/system/libsystem_sandbox.dylib
0x0000000002d7e000 	/usr/lib/system/libsystem_secinit.dylib
0x0000000002d7e000 	/usr/lib/system/libsystem_trace.dylib
0x0000000002d7e000 	/usr/lib/system/libunc.dylib
0x0000000002d7e000 	/usr/lib/system/libunwind.dylib
0x0000000002d7e000 	/usr/lib/system/libxpc.dylib
0x0000000002d7e000 	/usr/lib/libenergytrace.dylib
0x0000000002d7e000 	/usr/lib/libbsm.0.dylib
0x0000000002d7e000 	/usr/lib/system/libkxld.dylib
0x0000000002d7e000 	/usr/lib/libxar.1.dylib
0x0000000002d7e000 	/usr/lib/libsqlite3.dylib
0x0000000002d7e000 	/usr/lib/libpam.2.dylib
0x0000000002d7e000 	/usr/lib/libOpenScriptingUtil.dylib
0x0000000002d7e000 	/usr/lib/libbz2.1.0.dylib
0x0000000002d7e000 	/usr/lib/liblzma.5.dylib
0x0000000002d7e000 	/System/Library/Frameworks/CoreServices.framework/Versions/A/Frameworks/FSEvents.framework/Versions/A/FSEvents
0x0000000002d7e000 	/System/Library/Frameworks/CoreServices.framework/Versions/A/Frameworks/CarbonCore.framework/Versions/A/CarbonCore
0x0000000002d7e000 	/System/Library/Frameworks/CoreServices.framework/Versions/A/Frameworks/Metadata.framework/Versions/A/Metadata
0x0000000002d7e000 	/System/Library/Frameworks/CoreServices.framework/Versions/A/Frameworks/OSServices.framework/Versions/A/OSServices
0x0000000002d7e000 	/System/Library/Frameworks/CoreServices.framework/Versions/A/Frameworks/SearchKit.framework/Versions/A/SearchKit
0x0000000002d7e000 	/System/Library/Frameworks/CoreServices.framework/Versions/A/Frameworks/AE.framework/Versions/A/AE
0x0000000002d7e000 	/System/Library/Frameworks/CoreServices.framework/Versions/A/Frameworks/LaunchServices.framework/Versions/A/LaunchServices
0x0000000002d7e000 	/System/Library/Frameworks/CoreServices.framework/Versions/A/Frameworks/DictionaryServices.framework/Versions/A/DictionaryServices
0x0000000002d7e000 	/System/Library/Frameworks/CoreServices.framework/Versions/A/Frameworks/SharedFileList.framework/Versions/A/SharedFileList
0x0000000002d7e000 	/System/Library/Frameworks/NetFS.framework/Versions/A/NetFS
0x0000000002d7e000 	/System/Library/PrivateFrameworks/NetAuth.framework/Versions/A/NetAuth
0x0000000002d7e000 	/System/Library/PrivateFrameworks/login.framework/Versions/A/Frameworks/loginsupport.framework/Versions/A/loginsupport
0x0000000002d7e000 	/System/Library/PrivateFrameworks/TCC.framework/Versions/A/TCC
0x0000000002d7e000 	/usr/lib/libmecabra.dylib
0x0000000002d7e000 	/System/Library/Frameworks/ApplicationServices.framework/Versions/A/Frameworks/ATS.framework/Versions/A/ATS
0x0000000002d7e000 	/System/Library/Frameworks/ApplicationServices.framework/Versions/A/Frameworks/ColorSync.framework/Versions/A/ColorSync
0x0000000002d7e000 	/System/Library/Frameworks/ApplicationServices.framework/Versions/A/Frameworks/HIServices.framework/Versions/A/HIServices
0x0000000002d7e000 	/System/Library/Frameworks/ApplicationServices.framework/Versions/A/Frameworks/LangAnalysis.framework/Versions/A/LangAnalysis
0x0000000002d7e000 	/System/Library/Frameworks/ApplicationServices.framework/Versions/A/Frameworks/PrintCore.framework/Versions/A/PrintCore
0x0000000002d7e000 	/System/Library/Frameworks/ApplicationServices.framework/Versions/A/Frameworks/QD.framework/Versions/A/QD
0x0000000002d7e000 	/System/Library/Frameworks/ApplicationServices.framework/Versions/A/Frameworks/SpeechSynthesis.framework/Versions/A/SpeechSynthesis
0x0000000002d7e000 	/System/Library/Frameworks/Metal.framework/Versions/A/Metal
0x0000000002d7e000 	/System/Library/Frameworks/Accelerate.framework/Versions/A/Frameworks/vImage.framework/Versions/A/vImage
0x0000000002d7e000 	/System/Library/Frameworks/Accelerate.framework/Versions/A/Frameworks/vecLib.framework/Versions/A/vecLib
0x0000000002d7e000 	/System/Library/Frameworks/Accelerate.framework/Versions/A/Frameworks/vecLib.framework/Versions/A/libvDSP.dylib
0x0000000002d7e000 	/System/Library/Frameworks/Accelerate.framework/Versions/A/Frameworks/vecLib.framework/Versions/A/libvMisc.dylib
0x0000000002d7e000 	/System/Library/Frameworks/Accelerate.framework/Versions/A/Frameworks/vecLib.framework/Versions/A/libLAPACK.dylib
0x0000000002d7e000 	/System/Library/Frameworks/Accelerate.framework/Versions/A/Frameworks/vecLib.framework/Versions/A/libBLAS.dylib
0x0000000002d7e000 	/System/Library/Frameworks/Accelerate.framework/Versions/A/Frameworks/vecLib.framework/Versions/A/libLinearAlgebra.dylib
0x0000000002d7e000 	/System/Library/Frameworks/Accelerate.framework/Versions/A/Frameworks/vecLib.framework/Versions/A/libSparseBLAS.dylib
0x0000000002d7e000 	/System/Library/PrivateFrameworks/GPUCompiler.framework/libmetal_timestamp.dylib
0x0000000002d7e000 	/System/Library/Frameworks/OpenGL.framework/Versions/A/Libraries/libCoreFSCache.dylib
0x0000000002d7e000 	/System/Library/PrivateFrameworks/IOAccelerator.framework/Versions/A/IOAccelerator
0x0000000002d7e000 	/System/Library/Frameworks/ApplicationServices.framework/Versions/A/Frameworks/ATS.framework/Versions/A/Resources/libFontParser.dylib
0x0000000002d7e000 	/System/Library/Frameworks/ApplicationServices.framework/Versions/A/Frameworks/ATS.framework/Versions/A/Resources/libFontRegistry.dylib
0x0000000002d7e000 	/System/Library/PrivateFrameworks/AppleVPA.framework/Versions/A/AppleVPA
0x0000000002d7e000 	/System/Library/PrivateFrameworks/AppleJPEG.framework/Versions/A/AppleJPEG
0x0000000002d7e000 	/System/Library/Frameworks/ImageIO.framework/Versions/A/Resources/libJPEG.dylib
0x0000000002d7e000 	/System/Library/Frameworks/ImageIO.framework/Versions/A/Resources/libTIFF.dylib
0x0000000002d7e000 	/System/Library/Frameworks/ImageIO.framework/Versions/A/Resources/libPng.dylib
0x0000000002d7e000 	/System/Library/Frameworks/ImageIO.framework/Versions/A/Resources/libGIF.dylib
0x0000000002d7e000 	/System/Library/Frameworks/ImageIO.framework/Versions/A/Resources/libJP2.dylib
0x0000000002d7e000 	/System/Library/Frameworks/ImageIO.framework/Versions/A/Resources/libRadiance.dylib
0x0000000002d7e000 	/System/Library/Frameworks/CoreVideo.framework/Versions/A/CoreVideo
0x0000000002d7e000 	/System/Library/Frameworks/OpenGL.framework/Versions/A/Libraries/libGLU.dylib
0x0000000002d7e000 	/System/Library/Frameworks/OpenGL.framework/Versions/A/Libraries/libGFXShared.dylib
0x0000000002d7e000 	/System/Library/Frameworks/OpenGL.framework/Versions/A/Libraries/libGL.dylib
0x0000000002d7e000 	/System/Library/Frameworks/OpenGL.framework/Versions/A/Libraries/libGLImage.dylib
0x0000000002d7e000 	/System/Library/Frameworks/OpenGL.framework/Versions/A/Libraries/libCVMSPluginSupport.dylib
0x0000000002d7e000 	/System/Library/Frameworks/OpenGL.framework/Versions/A/Libraries/libCoreVMClient.dylib
0x0000000002d7e000 	/usr/lib/libcompression.dylib
0x0000000002d7e000 	/usr/lib/libcups.2.dylib
0x0000000002d7e000 	/System/Library/Frameworks/Kerberos.framework/Versions/A/Kerberos
0x0000000002d7e000 	/System/Library/Frameworks/GSS.framework/Versions/A/GSS
0x0000000002d7e000 	/usr/lib/libresolv.9.dylib
0x0000000002d7e000 	/usr/lib/libiconv.2.dylib
0x0000000002d7e000 	/System/Library/PrivateFrameworks/Heimdal.framework/Versions/A/Heimdal
0x0000000002d7e000 	/usr/lib/libheimdal-asn1.dylib
0x0000000002d7e000 	/System/Library/Frameworks/OpenDirectory.framework/Versions/A/OpenDirectory
0x0000000002d7e000 	/System/Library/PrivateFrameworks/CommonAuth.framework/Versions/A/CommonAuth
0x0000000002d7e000 	/System/Library/Frameworks/OpenDirectory.framework/Versions/A/Frameworks/CFOpenDirectory.framework/Versions/A/CFOpenDirectory
0x0000000002d7e000 	/System/Library/Frameworks/SecurityFoundation.framework/Versions/A/SecurityFoundation
0x0000000002d7e000 	/System/Library/PrivateFrameworks/LanguageModeling.framework/Versions/A/LanguageModeling
0x0000000002d7e000 	/usr/lib/libmarisa.dylib
0x0000000002d7e000 	/usr/lib/libChineseTokenizer.dylib
0x0000000002d7e000 	/usr/lib/libcmph.dylib
0x0000000002d7e000 	/System/Library/Frameworks/ServiceManagement.framework/Versions/A/ServiceManagement
0x0000000002d7e000 	/usr/lib/libxslt.1.dylib
0x0000000002d7e000 	/System/Library/Frameworks/Carbon.framework/Versions/A/Frameworks/Ink.framework/Versions/A/Ink
0x0000000002d7e000 	/usr/lib/libFosl_dynamic.dylib
0x0000000002d7e000 	/System/Library/PrivateFrameworks/FaceCore.framework/Versions/A/FaceCore
0x0000000002d7e000 	/System/Library/Frameworks/OpenCL.framework/Versions/A/OpenCL
0x0000000002d7e000 	/System/Library/PrivateFrameworks/CrashReporterSupport.framework/Versions/A/CrashReporterSupport
0x0000000002d7e000 	/System/Library/PrivateFrameworks/IconServices.framework/Versions/A/IconServices
0x0000000002d7e000 	/System/Library/PrivateFrameworks/Apple80211.framework/Versions/A/Apple80211
0x0000000002d7e000 	/System/Library/Frameworks/CoreWLAN.framework/Versions/A/CoreWLAN
0x0000000002d7e000 	/System/Library/Frameworks/IOBluetooth.framework/Versions/A/IOBluetooth
0x0000000002d7e000 	/System/Library/PrivateFrameworks/CoreWiFi.framework/Versions/A/CoreWiFi
0x0000000002d7e000 	/System/Library/Frameworks/CoreBluetooth.framework/Versions/A/CoreBluetooth
0x0000000002d7e000 	/System/Library/PrivateFrameworks/ChunkingLibrary.framework/Versions/A/ChunkingLibrary
0x0000000002d7e000 	/System/Library/PrivateFrameworks/DebugSymbols.framework/Versions/A/DebugSymbols
0x0000000002d7e000 	/System/Library/PrivateFrameworks/CoreSymbolication.framework/Versions/A/CoreSymbolication
0x0000000002d7e000 	/System/Library/PrivateFrameworks/Symbolication.framework/Versions/A/Symbolication
0x0000000002d7e000 	/System/Library/PrivateFrameworks/SpeechRecognitionCore.framework/Versions/A/SpeechRecognitionCore
0x0000000106400000 	/Library/Java/JavaVirtualMachines/jdk1.8.0_92.jdk/Contents/Home/jre/lib/server/libjvm.dylib
0x0000000002d7e000 	/usr/lib/libstdc++.6.dylib
0x0000000105a37000 	/Library/Java/JavaVirtualMachines/jdk1.8.0_92.jdk/Contents/Home/jre/lib/libverify.dylib
0x0000000105a45000 	/Library/Java/JavaVirtualMachines/jdk1.8.0_92.jdk/Contents/Home/jre/lib/libjava.dylib
0x0000000105a84000 	/Library/Java/JavaVirtualMachines/jdk1.8.0_92.jdk/Contents/Home/jre/lib/libzip.dylib
0x000000011a626000 	/System/Library/Frameworks/JavaVM.framework/Frameworks/JavaRuntimeSupport.framework/JavaRuntimeSupport
0x000000011a641000 	/System/Library/Frameworks/JavaVM.framework/Versions/A/Frameworks/JavaNativeFoundation.framework/Versions/A/JavaNativeFoundation
0x000000011a656000 	/System/Library/Frameworks/JavaVM.framework/Versions/A/JavaVM
0x0000000002d7e000 	/System/Library/Frameworks/Carbon.framework/Versions/A/Carbon
0x000000011a663000 	/System/Library/PrivateFrameworks/JavaLaunching.framework/Versions/A/JavaLaunching
0x0000000002d7e000 	/System/Library/Frameworks/Carbon.framework/Versions/A/Frameworks/CommonPanels.framework/Versions/A/CommonPanels
0x0000000002d7e000 	/System/Library/Frameworks/Carbon.framework/Versions/A/Frameworks/Help.framework/Versions/A/Help
0x0000000002d7e000 	/System/Library/Frameworks/Carbon.framework/Versions/A/Frameworks/ImageCapture.framework/Versions/A/ImageCapture
0x0000000002d7e000 	/System/Library/Frameworks/Carbon.framework/Versions/A/Frameworks/OpenScripting.framework/Versions/A/OpenScripting
0x0000000002d7e000 	/System/Library/Frameworks/Carbon.framework/Versions/A/Frameworks/Print.framework/Versions/A/Print
0x0000000002d7e000 	/System/Library/Frameworks/Carbon.framework/Versions/A/Frameworks/SecurityHI.framework/Versions/A/SecurityHI
0x000000011bfbd000 	/Library/Java/JavaVirtualMachines/jdk1.8.0_92.jdk/Contents/Home/jre/lib/libawt.dylib
0x000000011c065000 	/Library/Java/JavaVirtualMachines/jdk1.8.0_92.jdk/Contents/Home/jre/lib/./libmlib_image.dylib
0x000000011c131000 	/Library/Java/JavaVirtualMachines/jdk1.8.0_92.jdk/Contents/Home/jre/lib/libawt_lwawt.dylib
0x000000011c1e6000 	/Library/Java/JavaVirtualMachines/jdk1.8.0_92.jdk/Contents/Home/jre/lib/./libosxapp.dylib
0x0000000002d7e000 	/System/Library/Frameworks/ExceptionHandling.framework/Versions/A/ExceptionHandling
0x0000000002d7e000 	/System/Library/PrivateFrameworks/CoreServicesInternal.framework/Versions/A/CoreServicesInternal
0x0000000002d7e000 	/System/Library/Frameworks/CoreGraphics.framework/Versions/A/Resources/libRIP.A.dylib
0x0000000002d7e000 	/System/Library/Frameworks/Accelerate.framework/Versions/A/Frameworks/vImage.framework/Versions/A/Libraries/libCGInterfaces.dylib
0x0000000002d7e000 	/System/Library/Frameworks/CoreGraphics.framework/Versions/A/Resources/libCGXType.A.dylib
0x0000000002d7e000 	/System/Library/Frameworks/OpenCL.framework/Versions/A/Libraries/libcldcpuengine.dylib
0x0000000002d7e000 	/System/Library/PrivateFrameworks/DiskImages.framework/Versions/A/DiskImages
0x0000000002d7e000 	/System/Library/Frameworks/DiscRecording.framework/Versions/A/DiscRecording
0x0000000002d7e000 	/usr/lib/libcsfde.dylib
0x0000000002d7e000 	/usr/lib/libcurl.4.dylib
0x0000000002d7e000 	/System/Library/PrivateFrameworks/MediaKit.framework/Versions/A/MediaKit
0x0000000002d7e000 	/System/Library/PrivateFrameworks/ProtectedCloudStorage.framework/Versions/A/ProtectedCloudStorage
0x0000000002d7e000 	/usr/lib/libCoreStorage.dylib
0x0000000002d7e000 	/System/Library/PrivateFrameworks/EFILogin.framework/Versions/A/EFILogin
0x0000000002d7e000 	/usr/lib/libutil.dylib
0x0000000002d7e000 	/System/Library/PrivateFrameworks/FindMyDevice.framework/Versions/A/FindMyDevice
0x0000000002d7e000 	/System/Library/Frameworks/LDAP.framework/Versions/A/LDAP
0x0000000002d7e000 	/usr/lib/libsasl2.2.dylib
0x0000000002d7e000 	/System/Library/PrivateFrameworks/CoreDaemon.framework/Versions/B/CoreDaemon
0x0000000002d7e000 	/usr/lib/libcrypto.0.9.8.dylib
0x0000000002d7e000 	/System/Library/PrivateFrameworks/AppleSRP.framework/Versions/A/AppleSRP
0x0000000002d7e000 	/System/Library/PrivateFrameworks/TrustEvaluationAgent.framework/Versions/A/TrustEvaluationAgent
0x000000011cc48000 	cl_kernels
0x0000000002d7e000 	/System/Library/Frameworks/OpenCL.framework/Versions/A/Libraries/ImageFormats/unorm8_bgra.dylib
0x0000000002d7e000 	/System/Library/Frameworks/OpenCL.framework/Versions/A/Libraries/ImageFormats/unorm8_rgba.dylib
0x0000000002d7e000 	/System/Library/PrivateFrameworks/FamilyControls.framework/Versions/A/FamilyControls
0x0000000002d7e000 	/System/Library/PrivateFrameworks/CommerceKit.framework/Versions/A/Frameworks/CommerceCore.framework/Versions/A/CommerceCore
0x0000000002d7e000 	/System/Library/PrivateFrameworks/SystemAdministration.framework/Versions/A/SystemAdministration
0x0000000002d7e000 	/System/Library/PrivateFrameworks/AppContainer.framework/Versions/A/AppContainer
0x0000000002d7e000 	/System/Library/PrivateFrameworks/SecCodeWrapper.framework/Versions/A/SecCodeWrapper
0x0000000002d7e000 	/System/Library/Frameworks/DirectoryService.framework/Versions/A/DirectoryService
0x0000000002d7e000 	/System/Library/PrivateFrameworks/LoginUIKit.framework/Versions/A/Frameworks/LoginUICore.framework/Versions/A/LoginUICore
0x0000000002d7e000 	/usr/lib/libodfde.dylib
0x0000000002d7e000 	/System/Library/Frameworks/OpenGL.framework/Versions/A/Resources/GLEngine.bundle/GLEngine
0x0000000002d7e000 	/System/Library/Frameworks/OpenGL.framework/Versions/A/Libraries/libGLProgrammability.dylib
0x000000011ea43000 	/System/Library/Extensions/AppleIntelHD5000GraphicsGLDriver.bundle/Contents/MacOS/AppleIntelHD5000GraphicsGLDriver
0x0000000002d7e000 	/System/Library/PrivateFrameworks/GPUSupport.framework/Versions/A/Libraries/libGPUSupportMercury.dylib
0x0000000002d7e000 	/System/Library/Frameworks/OpenGL.framework/Versions/A/Resources/GLRendererFloat.bundle/GLRendererFloat
0x000000011fa15000 	/Library/Java/JavaVirtualMachines/jdk1.8.0_92.jdk/Contents/Home/jre/lib/libfontmanager.dylib
0x000000011fa7c000 	/Library/Java/JavaVirtualMachines/jdk1.8.0_92.jdk/Contents/Home/jre/lib/libosxui.dylib
0x000000012075c000 	/Library/Java/JavaVirtualMachines/jdk1.8.0_92.jdk/Contents/Home/jre/lib/libnet.dylib
0x0000000120570000 	/Library/Java/JavaVirtualMachines/jdk1.8.0_92.jdk/Contents/Home/jre/lib/libnio.dylib
0x0000000002d7e000 	/System/Library/Frameworks/ApplicationServices.framework/Versions/A/Frameworks/ATS.framework/Versions/A/Resources/libTrueTypeScaler.dylib
0x0000000172e68000 	/System/Library/Extensions/AppleIntelHD5000GraphicsMTLDriver.bundle/Contents/MacOS/AppleIntelHD5000GraphicsMTLDriver

VM Arguments:
jvm_args: -Dfile.encoding=UTF-8 
java_command: nachos.kernel.Nachos -d tm -ps -x test/demo4Fork
java_class_path (initial): /Users/Joey/git/nachos_team:/Users/Joey/git/nachos_team/machine.jar
Launcher Type: SUN_STANDARD

Environment Variables:
PATH=/usr/bin:/bin:/usr/sbin:/sbin
SHELL=/bin/bash

Signal Handlers:
SIGSEGV: [libjvm.dylib+0x5aa779], sa_mask[0]=11111111011111110111111111111111, sa_flags=SA_ONSTACK|SA_RESTART|SA_SIGINFO
SIGBUS: [libjvm.dylib+0x5aa779], sa_mask[0]=11111111011111110111111111111111, sa_flags=SA_RESTART|SA_SIGINFO
SIGFPE: [libjvm.dylib+0x4831d0], sa_mask[0]=11111111011111110111111111111111, sa_flags=SA_RESTART|SA_SIGINFO
SIGPIPE: [libjvm.dylib+0x4831d0], sa_mask[0]=11111111011111110111111111111111, sa_flags=SA_RESTART|SA_SIGINFO
SIGXFSZ: [libjvm.dylib+0x4831d0], sa_mask[0]=11111111011111110111111111111111, sa_flags=SA_RESTART|SA_SIGINFO
SIGILL: [libjvm.dylib+0x4831d0], sa_mask[0]=11111111011111110111111111111111, sa_flags=SA_RESTART|SA_SIGINFO
SIGUSR1: SIG_DFL, sa_mask[0]=00000000000000000000000000000000, sa_flags=none
SIGUSR2: [libjvm.dylib+0x482cee], sa_mask[0]=00100000000000000000000000000000, sa_flags=SA_RESTART|SA_SIGINFO
SIGHUP: [libjvm.dylib+0x4812c5], sa_mask[0]=11111111011111110111111111111111, sa_flags=SA_RESTART|SA_SIGINFO
SIGINT: [libjvm.dylib+0x4812c5], sa_mask[0]=11111111011111110111111111111111, sa_flags=SA_RESTART|SA_SIGINFO
SIGTERM: [libjvm.dylib+0x4812c5], sa_mask[0]=11111111011111110111111111111111, sa_flags=SA_RESTART|SA_SIGINFO
SIGQUIT: [libjvm.dylib+0x4812c5], sa_mask[0]=11111111011111110111111111111111, sa_flags=SA_RESTART|SA_SIGINFO


---------------  S Y S T E M  ---------------

OS:Bsduname:Darwin 15.5.0 Darwin Kernel Version 15.5.0: Tue Apr 19 18:36:36 PDT 2016; root:xnu-3248.50.21~8/RELEASE_X86_64 x86_64
rlimit: STACK 8192k, CORE 0k, NPROC 709, NOFILE 10240, AS infinity
load average:1.66 1.78 1.82

CPU:total 4 (2 cores per cpu, 2 threads per core) family 6 model 69 stepping 1, cmov, cx8, fxsr, mmx, sse, sse2, sse3, ssse3, sse4.1, sse4.2, popcnt, avx, avx2, aes, clmul, erms, lzcnt, ht, tsc, tscinvbit, bmi1, bmi2

Memory: 4k page, physical 4194304k(72404k free)

/proc/meminfo:


vm_info: Java HotSpot(TM) 64-Bit Server VM (25.92-b14) for bsd-amd64 JRE (1.8.0_92-b14), built on Mar 31 2016 21:23:14 by "java_re" with gcc 4.2.1 (Based on Apple Inc. build 5658) (LLVM build 2336.11.00)

time: Tue Oct 25 13:47:48 2016
elapsed time: 235 seconds (0d 0h 3m 55s)

